============================= test session starts ==============================
platform darwin -- Python 3.12.1, pytest-9.1.1, pluggy-1.6.0 -- /Users/admin/Documents/codepath-ai110/project-4/vibetrace-ai/.venv/bin/python
cachedir: .pytest_cache
rootdir: /Users/admin/Documents/codepath-ai110/project-4/vibetrace-ai
collecting ... collected 117 items

tests/test_agent.py::test_discover_plan_ranks_candidates PASSED          [  0%]
tests/test_agent.py::test_compare_plan_uses_comparison_step PASSED       [  1%]
tests/test_agent.py::test_explain_plan_explains_ranking PASSED           [  2%]
tests/test_agent.py::test_out_of_scope_plan_skips_ranking PASSED         [  3%]
tests/test_agent.py::test_no_retrieval_toggle_changes_plan PASSED        [  4%]
tests/test_agent.py::test_study_query_returns_grounded_recommendations PASSED [  5%]
tests/test_agent.py::test_workout_differs_from_study PASSED              [  5%]
tests/test_agent.py::test_compare_query_returns_two PASSED               [  6%]
tests/test_agent.py::test_out_of_scope_query_is_safe PASSED              [  7%]
tests/test_agent.py::test_empty_query_is_guardrailed PASSED              [  8%]
tests/test_agent.py::test_invalid_top_k_is_guardrailed PASSED            [  9%]
tests/test_agent.py::test_output_includes_evidence_ids PASSED            [ 10%]
tests/test_agent.py::test_explicit_preference_respected PASSED           [ 11%]
tests/test_agent.py::test_diversify_avoids_repeating_artists PASSED      [ 11%]
tests/test_agent.py::test_no_retrieval_removes_context_evidence PASSED   [ 12%]
tests/test_agent.py::test_trace_has_required_structured_fields PASSED    [ 13%]
tests/test_agent.py::test_trace_has_no_hidden_chain_of_thought PASSED    [ 14%]
tests/test_agent.py::test_confidence_is_bounded PASSED                   [ 15%]
tests/test_agent.py::test_verifier_passes_on_normal_queries PASSED       [ 16%]
tests/test_evaluation_harness.py::test_cases_file_has_enough_cases PASSED [ 17%]
tests/test_evaluation_harness.py::test_evaluate_case_returns_parseable_dict PASSED [ 17%]
tests/test_evaluation_harness.py::test_guardrail_case_passes PASSED      [ 18%]
tests/test_evaluation_harness.py::test_empty_input_case_passes PASSED    [ 19%]
tests/test_evaluation_harness.py::test_pass_rate_arithmetic PASSED       [ 20%]
tests/test_evaluation_harness.py::test_all_successful_answers_are_grounded PASSED [ 21%]
tests/test_guardrails.py::test_empty_input_blocked PASSED                [ 22%]
tests/test_guardrails.py::test_whitespace_only_blocked PASSED            [ 23%]
tests/test_guardrails.py::test_none_input_blocked PASSED                 [ 23%]
tests/test_guardrails.py::test_normal_input_accepted PASSED              [ 24%]
tests/test_guardrails.py::test_long_input_truncated PASSED               [ 25%]
tests/test_guardrails.py::test_out_of_domain_detection PASSED            [ 26%]
tests/test_guardrails.py::test_invalid_top_k PASSED                      [ 27%]
tests/test_guardrails.py::test_invalid_top_k_non_integer PASSED          [ 28%]
tests/test_guardrails.py::test_explicit_preference_detection PASSED      [ 29%]
tests/test_guardrails.py::test_low_confidence_flagged PASSED             [ 29%]
tests/test_guardrails.py::test_summarize_input_is_bounded PASSED         [ 30%]
tests/test_intent_classifier.py::test_training_succeeds PASSED           [ 31%]
tests/test_intent_classifier.py::test_known_examples_classify_correctly[calm quiet instrumental music for late night studying-study] PASSED [ 32%]
tests/test_intent_classifier.py::test_known_examples_classify_correctly[high energy fast songs for my gym workout-workout] PASSED [ 33%]
tests/test_intent_classifier.py::test_known_examples_classify_correctly[soothing music to relax and unwind before bed-relax] PASSED [ 34%]
tests/test_intent_classifier.py::test_known_examples_classify_correctly[what is the weather forecast tomorrow-out_of_scope] PASSED [ 35%]
tests/test_intent_classifier.py::test_confidence_is_numeric_and_bounded PASSED [ 35%]
tests/test_intent_classifier.py::test_alternatives_are_returned PASSED   [ 36%]
tests/test_intent_classifier.py::test_clear_query_more_confident_than_gibberish PASSED [ 37%]
tests/test_intent_classifier.py::test_keyword_baseline_runs PASSED       [ 38%]
tests/test_intent_classifier.py::test_specialized_model_outperforms_baseline PASSED [ 39%]
tests/test_intent_classifier.py::test_save_and_load_roundtrip PASSED     [ 40%]
tests/test_recommender.py::test_recommend_returns_songs_sorted_by_score PASSED [ 41%]
tests/test_recommender.py::test_explain_recommendation_returns_non_empty_string PASSED [ 41%]
tests/test_recommender.py::test_csv_loads PASSED                         [ 42%]
tests/test_recommender.py::test_new_attributes_present PASSED            [ 43%]
tests/test_recommender.py::test_numeric_types PASSED                     [ 44%]
tests/test_recommender.py::test_boolean_field_loads PASSED               [ 45%]
tests/test_recommender.py::test_ids_unique PASSED                        [ 46%]
tests/test_recommender.py::test_feature_ranges PASSED                    [ 47%]
tests/test_recommender.py::test_dataset_diversity PASSED                 [ 47%]
tests/test_recommender.py::test_load_missing_column_raises PASSED        [ 48%]
tests/test_recommender.py::test_load_bad_numeric_raises PASSED           [ 49%]
tests/test_recommender.py::test_load_out_of_range_raises PASSED          [ 50%]
tests/test_recommender.py::test_load_duplicate_id_raises PASSED          [ 51%]
tests/test_recommender.py::test_whitespace_normalized PASSED             [ 52%]
tests/test_recommender.py::test_score_song_returns_number_and_reasons PASSED [ 52%]
tests/test_recommender.py::test_genre_preference_changes_score PASSED    [ 53%]
tests/test_recommender.py::test_mood_preference_changes_score PASSED     [ 54%]
tests/test_recommender.py::test_closer_energy_scores_higher PASSED       [ 55%]
tests/test_recommender.py::test_closer_tempo_scores_higher PASSED        [ 56%]
tests/test_recommender.py::test_acoustic_preference_changes_score PASSED [ 57%]
tests/test_recommender.py::test_popularity_preference_changes_score PASSED [ 58%]
tests/test_recommender.py::test_decade_preference_changes_score PASSED   [ 58%]
tests/test_recommender.py::test_language_preference_changes_score PASSED [ 59%]
tests/test_recommender.py::test_explicit_compatibility_changes_score PASSED [ 60%]
tests/test_recommender.py::test_all_songs_score_without_error PASSED     [ 61%]
tests/test_recommender.py::test_reasons_contain_contribution_text PASSED [ 62%]
tests/test_recommender.py::test_recommendations_sorted_by_score PASSED   [ 63%]
tests/test_recommender.py::test_top_k_returns_requested_number PASSED    [ 64%]
tests/test_recommender.py::test_top_k_larger_than_dataset PASSED         [ 64%]
tests/test_recommender.py::test_empty_dataset PASSED                     [ 65%]
tests/test_recommender.py::test_invalid_k_raises PASSED                  [ 66%]
tests/test_recommender.py::test_different_profiles_differ PASSED         [ 67%]
tests/test_recommender.py::test_input_not_mutated PASSED                 [ 68%]
tests/test_recommender.py::test_incomplete_prefs_work PASSED             [ 69%]
tests/test_recommender.py::test_all_modes_run PASSED                     [ 70%]
tests/test_recommender.py::test_unknown_mode_raises PASSED               [ 70%]
tests/test_recommender.py::test_mode_changes_ranking PASSED              [ 71%]
tests/test_recommender.py::test_oop_recommender_compatible PASSED        [ 72%]
tests/test_recommender.py::test_score_song_defaults_to_balanced PASSED   [ 73%]
tests/test_recommender.py::test_same_artist_repetition_penalised PASSED  [ 74%]
tests/test_recommender.py::test_genre_concentration_penalised PASSED     [ 75%]
tests/test_recommender.py::test_disabling_diversity_preserves_score_order PASSED [ 76%]
tests/test_recommender.py::test_diversity_can_improve_artist_variety PASSED [ 76%]
tests/test_recommender.py::test_diversified_results_sorted_by_final_score PASSED [ 77%]
tests/test_recommender.py::test_at_least_three_non_empty_explanations PASSED [ 78%]
tests/test_recommender.py::test_explanation_matches_features_used PASSED [ 79%]
tests/test_recommender.py::test_scores_are_deterministic PASSED          [ 80%]
tests/test_retriever.py::test_index_builds PASSED                        [ 81%]
tests/test_retriever.py::test_song_retrieval_works PASSED                [ 82%]
tests/test_retriever.py::test_document_retrieval_works PASSED            [ 82%]
tests/test_retriever.py::test_history_retrieval_works PASSED             [ 83%]
tests/test_retriever.py::test_evidence_ids_are_stable PASSED             [ 84%]
tests/test_retriever.py::test_study_query_retrieves_study_context PASSED [ 85%]
tests/test_retriever.py::test_workout_query_retrieves_energetic_evidence PASSED [ 86%]
tests/test_retriever.py::test_multi_source_returns_mixed_types PASSED    [ 87%]
tests/test_retriever.py::test_empty_query_returns_nothing PASSED         [ 88%]
tests/test_retriever.py::test_missing_index_fails_gracefully PASSED      [ 88%]
tests/test_retriever.py::test_missing_knowledge_dir_is_graceful PASSED   [ 89%]
tests/test_verifier.py::test_valid_grounded_response_passes PASSED       [ 90%]
tests/test_verifier.py::test_detects_nonexistent_evidence_citation PASSED [ 91%]
tests/test_verifier.py::test_detects_nonexistent_song_id PASSED          [ 92%]
tests/test_verifier.py::test_detects_unordered_scores PASSED             [ 93%]
tests/test_verifier.py::test_detects_ungrounded_recommendation PASSED    [ 94%]
tests/test_verifier.py::test_explicit_preference_violation_detected PASSED [ 94%]
tests/test_verifier.py::test_banned_medical_claim_detected PASSED        [ 95%]
tests/test_verifier.py::test_low_confidence_must_be_acknowledged PASSED  [ 96%]
tests/test_verifier.py::test_guardrail_answer_skips_recommendation_checks PASSED [ 97%]
tests/test_verifier.py::test_confidence_is_bounded PASSED                [ 98%]
tests/test_verifier.py::test_confidence_monotonic_in_verifier_rate PASSED [ 99%]
tests/test_verifier.py::test_confidence_zero_with_no_signal PASSED       [100%]

=============================== warnings summary ===============================
tests/test_agent.py: 5 warnings
tests/test_evaluation_harness.py: 5 warnings
tests/test_intent_classifier.py: 5 warnings
  /Users/admin/Documents/codepath-ai110/project-4/vibetrace-ai/.venv/lib/python3.12/site-packages/joblib/numpy_pickle.py:207: DeprecationWarning: Setting the shape on a NumPy array has been deprecated in NumPy 2.5.
  As an alternative, you can create a new view using np.reshape (with copy=False if needed).
    array.shape = self.shape

tests/test_agent.py::test_study_query_returns_grounded_recommendations
tests/test_evaluation_harness.py::test_evaluate_case_returns_parseable_dict
tests/test_intent_classifier.py::test_save_and_load_roundtrip
  /Users/admin/Documents/codepath-ai110/project-4/vibetrace-ai/.venv/lib/python3.12/site-packages/joblib/numpy_pickle.py:204: DeprecationWarning: Setting the shape on a NumPy array has been deprecated in NumPy 2.5.
  As an alternative, you can create a new view using np.reshape (with copy=False if needed).
    array.shape = self.shape[::-1]

-- Docs: https://docs.pytest.org/en/stable/how-to/capture-warnings.html
======================= 117 passed, 18 warnings in 3.20s =======================
