============================= test session starts ==============================
platform darwin -- Python 3.12.1, pytest-9.1.1, pluggy-1.6.0 -- /Users/admin/Documents/codepath-ai110/project-3/music-recommender/.venv/bin/python
cachedir: .pytest_cache
rootdir: /Users/admin/Documents/codepath-ai110/project-3/music-recommender
collecting ... collected 47 items

tests/test_recommender.py::test_recommend_returns_songs_sorted_by_score PASSED [  2%]
tests/test_recommender.py::test_explain_recommendation_returns_non_empty_string PASSED [  4%]
tests/test_recommender.py::test_csv_loads PASSED                         [  6%]
tests/test_recommender.py::test_new_attributes_present PASSED            [  8%]
tests/test_recommender.py::test_numeric_types PASSED                     [ 10%]
tests/test_recommender.py::test_boolean_field_loads PASSED               [ 12%]
tests/test_recommender.py::test_ids_unique PASSED                        [ 14%]
tests/test_recommender.py::test_feature_ranges PASSED                    [ 17%]
tests/test_recommender.py::test_dataset_diversity PASSED                 [ 19%]
tests/test_recommender.py::test_load_missing_column_raises PASSED        [ 21%]
tests/test_recommender.py::test_load_bad_numeric_raises PASSED           [ 23%]
tests/test_recommender.py::test_load_out_of_range_raises PASSED          [ 25%]
tests/test_recommender.py::test_load_duplicate_id_raises PASSED          [ 27%]
tests/test_recommender.py::test_whitespace_normalized PASSED             [ 29%]
tests/test_recommender.py::test_score_song_returns_number_and_reasons PASSED [ 31%]
tests/test_recommender.py::test_genre_preference_changes_score PASSED    [ 34%]
tests/test_recommender.py::test_mood_preference_changes_score PASSED     [ 36%]
tests/test_recommender.py::test_closer_energy_scores_higher PASSED       [ 38%]
tests/test_recommender.py::test_closer_tempo_scores_higher PASSED        [ 40%]
tests/test_recommender.py::test_acoustic_preference_changes_score PASSED [ 42%]
tests/test_recommender.py::test_popularity_preference_changes_score PASSED [ 44%]
tests/test_recommender.py::test_decade_preference_changes_score PASSED   [ 46%]
tests/test_recommender.py::test_language_preference_changes_score PASSED [ 48%]
tests/test_recommender.py::test_explicit_compatibility_changes_score PASSED [ 51%]
tests/test_recommender.py::test_all_songs_score_without_error PASSED     [ 53%]
tests/test_recommender.py::test_reasons_contain_contribution_text PASSED [ 55%]
tests/test_recommender.py::test_recommendations_sorted_by_score PASSED   [ 57%]
tests/test_recommender.py::test_top_k_returns_requested_number PASSED    [ 59%]
tests/test_recommender.py::test_top_k_larger_than_dataset PASSED         [ 61%]
tests/test_recommender.py::test_empty_dataset PASSED                     [ 63%]
tests/test_recommender.py::test_invalid_k_raises PASSED                  [ 65%]
tests/test_recommender.py::test_different_profiles_differ PASSED         [ 68%]
tests/test_recommender.py::test_input_not_mutated PASSED                 [ 70%]
tests/test_recommender.py::test_incomplete_prefs_work PASSED             [ 72%]
tests/test_recommender.py::test_all_modes_run PASSED                     [ 74%]
tests/test_recommender.py::test_unknown_mode_raises PASSED               [ 76%]
tests/test_recommender.py::test_mode_changes_ranking PASSED              [ 78%]
tests/test_recommender.py::test_oop_recommender_compatible PASSED        [ 80%]
tests/test_recommender.py::test_score_song_defaults_to_balanced PASSED   [ 82%]
tests/test_recommender.py::test_same_artist_repetition_penalised PASSED  [ 85%]
tests/test_recommender.py::test_genre_concentration_penalised PASSED     [ 87%]
tests/test_recommender.py::test_disabling_diversity_preserves_score_order PASSED [ 89%]
tests/test_recommender.py::test_diversity_can_improve_artist_variety PASSED [ 91%]
tests/test_recommender.py::test_diversified_results_sorted_by_final_score PASSED [ 93%]
tests/test_recommender.py::test_at_least_three_non_empty_explanations PASSED [ 95%]
tests/test_recommender.py::test_explanation_matches_features_used PASSED [ 97%]
tests/test_recommender.py::test_scores_are_deterministic PASSED          [100%]

============================== 47 passed in 0.03s ==============================
